
----------------------------------------
----------------------------------------
Similar code block : 1.398717034272917 : [/hy-tmp/vuls/halo/halo_1//src/main/java//run/halo/app/controller/content/api/JournalController.java=>0,0]
String defaultValue=defaultValue();
if(defaultValue==null){
return null;
}
return PropertyEnum.convertTo(defaultValue,propertyType);

Time : 22/04/22 13:44
----------------------------------------

----------------------------------------
----------------------------------------
Original source code : [/hy-tmp/vuls/halo/halo_1//src/main/java//run/halo/app/controller/content/api/JournalController.java=>111,111]
return journalCommentService.convertTo(journalCommentService.createBy(journalCommentParam));

Time : 22/04/22 13:44
----------------------------------------

----------------------------------------
----------------------------------------
Find a patch : [/hy-tmp/vuls/halo/halo_1//src/main/java//run/halo/app/controller/content/api/JournalController.java=>111,111]
if(defaultValue()==null){
return null;
}
return journalCommentService.convertTo(journalCommentService.createBy(journalCommentParam));

Time : 22/04/22 13:44
----------------------------------------

----------------------------------------
----------------------------------------
Similar code block : 1.356182887467515 : [/hy-tmp/vuls/halo/halo_1//src/main/java//run/halo/app/controller/content/api/JournalController.java=>0,0]
Assert.notNull(photoParam,"Photo param must not be null");
return create(photoParam.convertTo());

Time : 22/04/22 13:44
----------------------------------------

----------------------------------------
----------------------------------------
Original source code : [/hy-tmp/vuls/halo/halo_1//src/main/java//run/halo/app/controller/content/api/JournalController.java=>111,111]
return journalCommentService.convertTo(journalCommentService.createBy(journalCommentParam));

Time : 22/04/22 13:44
----------------------------------------

----------------------------------------
----------------------------------------
Find a patch : [/hy-tmp/vuls/halo/halo_1//src/main/java//run/halo/app/controller/content/api/JournalController.java=>111,111]
return journalCommentService.create(journalCommentService.createBy(journalCommentParam));

Time : 22/04/22 13:44
----------------------------------------

----------------------------------------
----------------------------------------
Similar code block : 1.3285714285714287 : [/hy-tmp/vuls/halo/halo_1//src/main/java//run/halo/app/controller/content/api/JournalController.java=>0,0]
return new MenuDTO().convertFrom(menuService.createBy(menuParam));

Time : 22/04/22 13:44
----------------------------------------

----------------------------------------
----------------------------------------
Original source code : [/hy-tmp/vuls/halo/halo_1//src/main/java//run/halo/app/controller/content/api/JournalController.java=>111,111]
return journalCommentService.convertTo(journalCommentService.createBy(journalCommentParam));

Time : 22/04/22 13:44
----------------------------------------

----------------------------------------
----------------------------------------
Find a patch : [/hy-tmp/vuls/halo/halo_1//src/main/java//run/halo/app/controller/content/api/JournalController.java=>111,111]
return journalCommentService.convertFrom(journalCommentService.createBy(journalCommentParam));

Time : 22/04/22 13:44
----------------------------------------

----------------------------------------
----------------------------------------
Similar code block : 0.9660917830792959 : [/hy-tmp/vuls/halo/halo_1//src/main/java//run/halo/app/controller/content/api/JournalController.java=>0,0]
Assert.notNull(commentPage,"Comment page must not be null");
return commentPage.map(this::convertTo);

Time : 22/04/22 13:44
----------------------------------------

----------------------------------------
----------------------------------------
Original source code : [/hy-tmp/vuls/halo/halo_1//src/main/java//run/halo/app/controller/content/api/JournalController.java=>111,111]
return journalCommentService.convertTo(journalCommentService.createBy(journalCommentParam));

Time : 22/04/22 13:44
----------------------------------------

----------------------------------------
----------------------------------------
Find a patch : [/hy-tmp/vuls/halo/halo_1//src/main/java//run/halo/app/controller/content/api/JournalController.java=>111,111]
return journalCommentService.map(journalCommentService.createBy(journalCommentParam));

Time : 22/04/22 13:44
----------------------------------------

----------------------------------------
----------------------------------------
Similar code block : 0.954029957691665 : [/hy-tmp/vuls/halo/halo_1//src/main/java//run/halo/app/controller/content/api/JournalController.java=>0,0]
if(CollectionUtils.isEmpty(comments)){
return Collections.emptyList();
}
return comments.stream().map(this::convertTo).collect(Collectors.toList());

Time : 22/04/22 13:44
----------------------------------------

----------------------------------------
----------------------------------------
Original source code : [/hy-tmp/vuls/halo/halo_1//src/main/java//run/halo/app/controller/content/api/JournalController.java=>111,111]
return journalCommentService.convertTo(journalCommentService.createBy(journalCommentParam));

Time : 22/04/22 13:44
----------------------------------------

----------------------------------------
----------------------------------------
Find a patch : [/hy-tmp/vuls/halo/halo_1//src/main/java//run/halo/app/controller/content/api/JournalController.java=>111,111]
return Collections.emptyList();

Time : 22/04/22 13:44
----------------------------------------
